[INFO @ T67995 @ 15:43:00.103721] using app-managed scheduler
Traceback (most recent call last):
======================================================================
XSched Debug - Progressive Testing
======================================================================
PyTorch: 2.7.1+rocm6.4.1.git2a215e4a
CUDA available: True
Device: AMD Instinct MI308X
LD_PRELOAD: /data/dockercode/xsched-build/output/lib/libshimhip.so
✅ XSched is loaded

======================================================================
Step 1: Basic Tensor Operations
======================================================================
[1.1] Creating CPU tensor...
  ✅ CPU tensor created: torch.Size([100, 100])
[1.2] Moving to GPU...
  ✅ GPU tensor created: cuda:0
[1.3] Simple addition...

❌ Step 1 FAILED: HIP error: invalid device function
HIP kernel errors might be asynchronously reported at some other API call, so the stacktrace below might be incorrect.
For debugging consider passing AMD_SERIALIZE_KERNEL=3
Compile with `TORCH_USE_HIP_DSA` to enable device-side assertions.


⚠️  Stopping at Step 1
  File "/data/dockercode/debug_xsched_step_by_step.py", line 26, in test_step_1_basic_tensor
    b_gpu = torch.randn(100, 100, device='cuda:0')
            ^^^^^^^^^^^^^^^^^^^^^^^^^^^^^^^^^^^^^^
RuntimeError: HIP error: invalid device function
HIP kernel errors might be asynchronously reported at some other API call, so the stacktrace below might be incorrect.
For debugging consider passing AMD_SERIALIZE_KERNEL=3
Compile with `TORCH_USE_HIP_DSA` to enable device-side assertions.

