/opt/conda/envs/py_3.12/lib/python3.12/site-packages/torchvision/models/_utils.py:208: UserWarning: The parameter 'pretrained' is deprecated since 0.13 and may be removed in the future, please use 'weights' instead.
  warnings.warn(
/opt/conda/envs/py_3.12/lib/python3.12/site-packages/torchvision/models/_utils.py:223: UserWarning: Arguments other than a weight enum or `None` for 'weights' are deprecated since 0.13 and may be removed in the future. The current behavior is equivalent to passing `weights=None`.
  warnings.warn(msg)
======================================================================
XSched Debug - Progressive Testing
======================================================================
PyTorch: 2.7.1+rocm6.4.1.git2a215e4a
CUDA available: True
Device: AMD Instinct MI308X
LD_PRELOAD: Not set
⚠️  XSched is NOT loaded (running baseline)

======================================================================
Step 1: Basic Tensor Operations
======================================================================
[1.1] Creating CPU tensor...
  ✅ CPU tensor created: torch.Size([100, 100])
[1.2] Moving to GPU...
  ✅ GPU tensor created: cuda:0
[1.3] Simple addition...
  ✅ Addition completed: torch.Size([100, 100])
[1.4] Synchronize...
  ✅ Synchronization successful

✅ Step 1 PASSED: Basic tensor operations work

======================================================================
Step 2: Matrix Multiplication
======================================================================
[2.1] Creating matrices...
  ✅ Matrices created
[2.2] Matrix multiplication...
  ✅ Matmul completed: torch.Size([256, 256])
[2.3] Multiple matmuls...
  ✅ 5 matmuls completed

✅ Step 2 PASSED: Matrix multiplication works

======================================================================
Step 3: Convolution (MIOpen)
======================================================================
[3.1] Creating conv layer...
  ✅ Conv layer created
[3.2] Creating input tensor...
  ✅ Input created: torch.Size([1, 3, 224, 224])
[3.3] Forward pass (small batch)...
  ✅ Conv forward completed: torch.Size([1, 64, 224, 224])
[3.4] Multiple forward passes...
  ✅ 3 conv passes completed

✅ Step 3 PASSED: Convolution (MIOpen) works

======================================================================
Step 4: Simple Model (Few Layers)
======================================================================
[4.1] Creating simple model...
  ✅ Model created
[4.2] Forward pass...
  ✅ Forward completed: torch.Size([1, 10])

✅ Step 4 PASSED: Simple model works

======================================================================
Step 5: ResNet Model
======================================================================
[5.1] Loading ResNet-18...
  ✅ ResNet-18 loaded
[5.2] Forward pass (batch=1)...
  ✅ Forward completed: torch.Size([1, 1000])
[5.3] Forward pass (batch=8)...
  ✅ Forward completed: torch.Size([8, 1000])

✅ Step 5 PASSED: ResNet works

======================================================================
Test Summary
======================================================================
step1: ✅ PASSED
step2: ✅ PASSED
step3: ✅ PASSED
step4: ✅ PASSED
step5: ✅ PASSED

🎉 All tests PASSED!
